[debug] [2020-05-10T16:37:58.842Z] ----------------------------------------------------------------------
[debug] [2020-05-10T16:37:58.844Z] Command:       /usr/local/bin/node /usr/local/bin/firebase init
[debug] [2020-05-10T16:37:58.844Z] CLI Version:   8.2.0
[debug] [2020-05-10T16:37:58.844Z] Platform:      darwin
[debug] [2020-05-10T16:37:58.844Z] Node Version:  v13.0.1
[debug] [2020-05-10T16:37:58.845Z] Time:          Sun May 10 2020 11:37:58 GMT-0500 (Central Daylight Time)
[debug] [2020-05-10T16:37:58.845Z] ----------------------------------------------------------------------
[debug] [2020-05-10T16:37:58.845Z] 
[debug] [2020-05-10T16:37:58.852Z] > command requires scopes: ["email","openid","https://www.googleapis.com/auth/cloudplatformprojects.readonly","https://www.googleapis.com/auth/firebase","https://www.googleapis.com/auth/cloud-platform"]
[debug] [2020-05-10T16:37:58.852Z] > authorizing via signed-in user
[info] 
     ######## #### ########  ######## ########     ###     ######  ########
     ##        ##  ##     ## ##       ##     ##  ##   ##  ##       ##
     ######    ##  ########  ######   ########  #########  ######  ######
     ##        ##  ##    ##  ##       ##     ## ##     ##       ## ##
     ##       #### ##     ## ######## ########  ##     ##  ######  ########

You're about to initialize a Firebase project in this directory:

  /Users/Sam/Documents/recipe-app

[info] 
=== Project Setup
[info] 
[info] First, let's associate this project directory with a Firebase project.
[info] You can create multiple project aliases by running firebase use --add, 
[info] but for now we'll just set up a default project.
[info] 
[debug] [2020-05-10T16:38:05.492Z] >>> HTTP REQUEST GET https://firebase.googleapis.com/v1beta1/projects?pageSize=100  
 
[debug] [2020-05-10T16:38:05.772Z] <<< HTTP RESPONSE 200 {"content-type":"application/json; charset=UTF-8","vary":"X-Origin, Referer, Origin,Accept-Encoding","date":"Sun, 10 May 2020 16:38:05 GMT","server":"ESF","cache-control":"private","x-xss-protection":"0","x-frame-options":"SAMEORIGIN","x-content-type-options":"nosniff","alt-svc":"h3-27=\":443\"; ma=2592000,h3-25=\":443\"; ma=2592000,h3-Q050=\":443\"; ma=2592000,h3-Q049=\":443\"; ma=2592000,h3-Q048=\":443\"; ma=2592000,h3-Q046=\":443\"; ma=2592000,h3-Q043=\":443\"; ma=2592000,quic=\":443\"; ma=2592000; v=\"46,43\"","accept-ranges":"none","transfer-encoding":"chunked"}
[info] i  Using project friends-with-recipes-79ca2 (Friends With Recipes)
[info] 
=== Database Setup
[info] 
[info] Firebase Realtime Database Rules allow you to define how your data should be
[info] structured and when your data can be read from and written to.
[info] 
